#
# A fatal error has been detected by the Java Runtime Environment:
#
#  Internal Error (javaClasses.cpp:136), pid=22064, tid=17912
#  fatal error: Invalid layout of preloaded class
#
# JRE version:  (7.0_55-b13) (build )
# Java VM: Java HotSpot(TM) 64-Bit Server VM (24.55-b03 mixed mode windows-amd64 compressed oops)
# Failed to write core dump. Minidumps are not enabled by default on client versions of Windows
#
# If you would like to submit a bug report, please visit:
#   http://bugreport.sun.com/bugreport/crash.jsp
#

---------------  T H R E A D  ---------------

Current thread (0x00000000020f8000):  JavaThread "Unknown thread" [_thread_in_vm, id=17912, stack(0x0000000002450000,0x0000000002550000)]

Stack: [0x0000000002450000,0x0000000002550000]

---------------  P R O C E S S  ---------------

Java Threads: ( => current thread )

Other Threads:

=>0x00000000020f8000 (exited) JavaThread "Unknown thread" [_thread_in_vm, id=17912, stack(0x0000000002450000,0x0000000002550000)]

VM state:not at safepoint (not fully initialized)

VM Mutex/Monitor currently owned by a thread: None

GC Heap History (0 events):
No events

Deoptimization events (0 events):
No events

Internal exceptions (0 events):
No events

Events (10 events):
Event: 0.013 loading class 0x0000000018ca0760 done
Event: 0.014 loading class 0x0000000018ca0180 done
Event: 0.014 loading class 0x0000000018ca0160
Event: 0.014 loading class 0x0000000018ca82a0
Event: 0.014 loading class 0x0000000018ca82a0 done
Event: 0.014 loading class 0x0000000018ca82d0
Event: 0.014 loading class 0x0000000018ca82d0 done
Event: 0.014 loading class 0x0000000018ca8300
Event: 0.014 loading class 0x0000000018ca8300 done
Event: 0.014 loading class 0x0000000018ca0160 done


Dynamic libraries:
0x000000013f9a0000 - 0x000000013f9d3000 	C:\Program Files\Java\jre7\bin\javaw.exe
0x0000000076d00000 - 0x0000000076ea9000 	C:\Windows\SYSTEM32\ntdll.dll
0x0000000076be0000 - 0x0000000076cff000 	C:\Windows\system32\kernel32.dll
0x000007fefcd90000 - 0x000007fefcdfc000 	C:\Windows\system32\KERNELBASE.dll
0x000007fefce70000 - 0x000007fefcf4b000 	C:\Windows\system32\ADVAPI32.dll
0x000007fefd300000 - 0x000007fefd39f000 	C:\Windows\system32\msvcrt.dll
0x000007fefef80000 - 0x000007fefef9f000 	C:\Windows\SYSTEM32\sechost.dll
0x000007fefd650000 - 0x000007fefd77d000 	C:\Windows\system32\RPCRT4.dll
0x0000000076ae0000 - 0x0000000076bda000 	C:\Windows\system32\USER32.dll
0x000007fefefa0000 - 0x000007feff007000 	C:\Windows\system32\GDI32.dll
0x000007fefd440000 - 0x000007fefd44e000 	C:\Windows\system32\LPK.dll
0x000007fefd450000 - 0x000007fefd519000 	C:\Windows\system32\USP10.dll
0x000007fefbc60000 - 0x000007fefbe54000 	C:\Windows\WinSxS\amd64_microsoft.windows.common-controls_6595b64144ccf1df_6.0.7601.18837_none_fa3b1e3d17594757\COMCTL32.dll
0x000007fefd280000 - 0x000007fefd2f1000 	C:\Windows\system32\SHLWAPI.dll
0x000007fefece0000 - 0x000007fefed0e000 	C:\Windows\system32\IMM32.DLL
0x000007fefebb0000 - 0x000007fefecb9000 	C:\Windows\system32\MSCTF.dll
0x000000005c1d0000 - 0x000000005c2a2000 	C:\Program Files\Java\jre7\bin\msvcr100.dll
0x000000005b480000 - 0x000000005bc49000 	C:\Program Files\Java\jre7\bin\server\jvm.dll
0x000007fef9cc0000 - 0x000007fef9cc9000 	C:\Windows\system32\WSOCK32.dll
0x000007fefd600000 - 0x000007fefd64d000 	C:\Windows\system32\WS2_32.dll
0x000007fefed10000 - 0x000007fefed18000 	C:\Windows\system32\NSI.dll
0x000007fefa270000 - 0x000007fefa2ab000 	C:\Windows\system32\WINMM.dll
0x0000000076ec0000 - 0x0000000076ec7000 	C:\Windows\system32\PSAPI.DLL
0x0000000068ca0000 - 0x0000000068caf000 	C:\Program Files\Java\jre7\bin\verify.dll
0x000000005cc20000 - 0x000000005cc48000 	C:\Program Files\Java\jre7\bin\java.dll
0x00000000573a0000 - 0x00000000573d5000 	C:\Program Files\Java\jre7\bin\jdwp.dll
0x0000000057410000 - 0x0000000057418000 	C:\Program Files\Java\jre7\bin\npt.dll
0x0000000064ed0000 - 0x0000000064ee5000 	C:\Program Files\Java\jre7\bin\zip.dll

VM Arguments:
jvm_args: -agentlib:jdwp=transport=dt_socket,suspend=y,address=localhost:57927 -Dfile.encoding=GBK -Xbootclasspath:D:\android-sdk\platforms\android-23\android.jar 
java_command: com.example.pandasonic.PandaSonicContract
Launcher Type: SUN_STANDARD

Environment Variables:
JAVA_HOME=C:\Program Files\Java\jdk1.7.0_07
PATH=C:\GTK\bin;C:\Program Files (x86)\Lenovo\Access Connections\;C:\Program Files (x86)\Common Files\lenovo\easyplussdk\bin;C:\Windows\system32;C:\Windows;C:\Windows\system32\wbem;C:\Program Files (x86)\Heroku\bin;C:\Program Files (x86)\git\cmd;C:\Users\isaac\Anaconda;C:\Users\isaac\Anaconda\Scripts;C:\Program Files (x86)\SSH Communications Security\SSH Secure Shell;C:\Program Files\Java\jdk1.7.0_07\bin
USERNAME=isaac
OS=Windows_NT
PROCESSOR_IDENTIFIER=Intel64 Family 6 Model 58 Stepping 9, GenuineIntel



---------------  S Y S T E M  ---------------

OS: Windows 7 , 64 bit Build 7601 Service Pack 1

CPU:total 8 (4 cores per cpu, 2 threads per core) family 6 model 58 stepping 9, cmov, cx8, fxsr, mmx, sse, sse2, sse3, ssse3, sse4.1, sse4.2, popcnt, avx, aes, erms, ht, tsc, tscinvbit, tscinv

Memory: 4k page, physical 33110828k(21611952k free), swap 49886204k(35589068k free)

vm_info: Java HotSpot(TM) 64-Bit Server VM (24.55-b03) for windows-amd64 JRE (1.7.0_55-b13), built on Mar 17 2014 19:45:30 by "java_re" with unknown MS VC++:1600

time: Fri Sep 04 22:38:29 2015
elapsed time: 0 seconds

